<?xml version="1.0" encoding="UTF-8"?>
<testng-results skipped="0" failed="0" ignored="0" total="1" passed="1">
  <reporter-output>
  </reporter-output>
  <suite name="AllTests" duration-ms="45" started-at="2021-08-11T14:02:45 ICT" finished-at="2021-08-11T14:02:45 ICT">
    <groups>
    </groups>
    <test name="All" duration-ms="45" started-at="2021-08-11T14:02:45 ICT" finished-at="2021-08-11T14:02:45 ICT">
      <class name="org.example.test.ApiTest">
        <test-method status="PASS" signature="test()[pri:0, instance:org.example.test.ApiTest@45e22def]" name="test" duration-ms="5" started-at="2021-08-11T14:02:45 ICT" finished-at="2021-08-11T14:02:45 ICT">
          <reporter-output>
          </reporter-output>
        </test-method> <!-- test -->
      </class> <!-- org.example.test.ApiTest -->
    </test> <!-- All -->
  </suite> <!-- AllTests -->
</testng-results>
