<?xml version="1.0" encoding="UTF-8"?>
<testng-results skipped="0" failed="0" ignored="0" total="1" passed="1">
  <reporter-output>
  </reporter-output>
  <suite name="All-Test" duration-ms="48" started-at="2021-08-11T14:02:39 ICT" finished-at="2021-08-11T14:02:39 ICT">
    <groups>
    </groups>
    <test name="All" duration-ms="48" started-at="2021-08-11T14:02:39 ICT" finished-at="2021-08-11T14:02:39 ICT">
      <class name="org.example.common.test.CommonTest">
        <test-method status="PASS" signature="test()[pri:0, instance:org.example.common.test.CommonTest@2cc04358]" name="test" duration-ms="6" started-at="2021-08-11T14:02:39 ICT" finished-at="2021-08-11T14:02:39 ICT">
          <reporter-output>
          </reporter-output>
        </test-method> <!-- test -->
      </class> <!-- org.example.common.test.CommonTest -->
    </test> <!-- All -->
  </suite> <!-- All-Test -->
</testng-results>
